#
# There is insufficient memory for the Java Runtime Environment to continue.
# Native memory allocation (mmap) failed to map 402653184 bytes. Error detail: G1 virtual space
# Possible reasons:
#   The system is out of physical RAM or swap space
#   This process is running with CompressedOops enabled, and the Java Heap may be blocking the growth of the native heap
# Possible solutions:
#   Reduce memory load on the system
#   Increase physical memory or swap space
#   Check if swap backing store is full
#   Decrease Java heap size (-Xmx/-Xms)
#   Decrease number of Java threads
#   Decrease Java thread stack sizes (-Xss)
#   Set larger code cache with -XX:ReservedCodeCacheSize=
#   JVM is running with Zero Based Compressed Oops mode in which the Java heap is
#     placed in the first 32GB address space. The Java Heap base address is the
#     maximum limit for the native heap growth. Please use -XX:HeapBaseMinAddress
#     to set the Java Heap base and to place the Java Heap above 32GB virtual address.
# This output file may be truncated or incomplete.
#
#  Out of Memory Error (os_windows.cpp:3828), pid=24788, tid=1968
#
# JRE version:  (21.0.4) (build )
# Java VM: OpenJDK 64-Bit Server VM (21.0.4+-12508038-b607.1, mixed mode, sharing, tiered, compressed oops, compressed class ptrs, g1 gc, windows-amd64)
# No core dump will be written. Minidumps are not enabled by default on client versions of Windows
#

---------------  S U M M A R Y ------------

Command Line: org.jetbrains.kotlin.cli.jvm.K2JVMCompiler @E:\projectsAppAndroid\work\KumirSettingsDevices\app\build\20250113_8381405671450605050.compiler.options

Host: Intel(R) Core(TM) i7-8750H CPU @ 2.20GHz, 12 cores, 23G,  Windows 11 , 64 bit Build 26100 (10.0.26100.2454)
Time: Mon Jan 13 21:45:06 2025 RTZ 7 (s 11 , 64 bit Build 26100 (10.0.26100.2454) elapsed time: 2.031564 seconds (0d 0h 0m 2s)

---------------  T H R E A D  ---------------

Current thread (0x000001f4f238b550):  JavaThread "Unknown thread" [_thread_in_vm, id=1968, stack(0x0000005bfce00000,0x0000005bfcf00000) (1024K)]

Stack: [0x0000005bfce00000,0x0000005bfcf00000]
Native frames: (J=compiled Java code, j=interpreted, Vv=VM code, C=native code)
V  [jvm.dll+0x6ce539]
V  [jvm.dll+0x85bf03]
V  [jvm.dll+0x85e45e]
V  [jvm.dll+0x85eb43]
V  [jvm.dll+0x27dd06]
V  [jvm.dll+0x6cada5]
V  [jvm.dll+0x6bf27a]
V  [jvm.dll+0x3541fb]
V  [jvm.dll+0x35be36]
V  [jvm.dll+0x3adbc6]
V  [jvm.dll+0x3ade98]
V  [jvm.dll+0x32691c]
V  [jvm.dll+0x32760b]
V  [jvm.dll+0x823959]
V  [jvm.dll+0x3bacf8]
V  [jvm.dll+0x80cd58]
V  [jvm.dll+0x44ef2e]
V  [jvm.dll+0x450691]
C  [jli.dll+0x52ab]
C  [ucrtbase.dll+0x14ea0]
C  [KERNEL32.DLL+0x2e8d7]
C  [ntdll.dll+0xdfbcc]


---------------  P R O C E S S  ---------------

Threads class SMR info:
_java_thread_list=0x00007ffa09c9a808, length=0, elements={
}

Java Threads: ( => current thread )
Total: 0

Other Threads:
  0x000001f4f3edbc70 WorkerThread "GC Thread#0"                     [id=7288, stack(0x0000005bfcf00000,0x0000005bfd000000) (1024K)]
  0x000001f4f3ee97a0 ConcurrentGCThread "G1 Main Marker"            [id=30308, stack(0x0000005bfd000000,0x0000005bfd100000) (1024K)]
  0x000001f4f3eeb0e0 WorkerThread "G1 Conc#0"                       [id=25972, stack(0x0000005bfd100000,0x0000005bfd200000) (1024K)]

[error occurred during error reporting (printing all threads), id 0xc0000005, EXCEPTION_ACCESS_VIOLATION (0xc0000005) at pc=0x00007ffa09499957]
VM state: not at safepoint (not fully initialized)

VM Mutex/Monitor currently owned by a thread:  ([mutex/lock_event])
[0x00007ffa09d073f8] Heap_lock - owner thread: 0x000001f4f238b550

Heap address: 0x0000000681800000, size: 6120 MB, Compressed Oops mode: Zero based, Oop shift amount: 3

CDS archive(s) mapped at: [0x0000000000000000-0x0000000000000000-0x0000000000000000), size 0, SharedBaseAddress: 0x0000000800000000, ArchiveRelocationMode: 1.
Narrow klass base: 0x0000000000000000, Narrow klass shift: 0, Narrow klass range: 0x0

GC Precious Log:
 CardTable entry size: 512
 Card Set container configuration: InlinePtr #cards 4 size 8 Array Of Cards #cards 32 size 80 Howl #buckets 8 coarsen threshold 7372 Howl Bitmap #cards 1024 size 144 coarsen threshold 921 Card regions per heap region 1 cards per card region 8192

Heap:
 garbage-first heap   total 0K, used 0K [0x0000000681800000, 0x0000000800000000)
  region size 4096K, 0 young (0K), 0 survivors (0K)
 Metaspace       used 0K, committed 0K, reserved 0K
  class space    used 0K, committed 0K, reserved 0K

Heap Regions: E=young(eden), S=young(survivor), O=old, HS=humongous(starts), HC=humongous(continues), CS=collection set, F=free, TAMS=top-at-mark-start, PB=parsable bottom

Card table byte_map: [0x000001f4f8850000,0x000001f4f9450000] _byte_map_base: 0x000001f4f5444000

Marking Bits: (CMBitMap*) 0x000001f4f3edc370
 Bits: [0x000001f4f9450000, 0x000001f4ff3f0000)

GC Heap History (0 events):
No events

Dll operation events (1 events):
Event: 0.010 Loaded shared library C:\Program Files\Android\Android Studio\jbr\bin\java.dll

Deoptimization events (0 events):
No events

Classes loaded (0 events):
No events

Classes unloaded (0 events):
No events

Classes redefined (0 events):
No events

Internal exceptions (0 events):
No events

ZGC Phase Switch (0 events):
No events

VM Operations (0 events):
No events

Memory protections (0 events):
No events

Nmethod flushes (0 events):
No events

Events (0 events):
No events


Dynamic libraries:
0x00007ff6c9a30000 - 0x00007ff6c9a3a000 	C:\Program Files\Android\Android Studio\jbr\bin\java.exe
0x00007ffa8ef00000 - 0x00007ffa8f163000 	C:\WINDOWS\SYSTEM32\ntdll.dll
0x00007ffa8e440000 - 0x00007ffa8e508000 	C:\WINDOWS\System32\KERNEL32.DLL
0x00007ffa8c5e0000 - 0x00007ffa8c992000 	C:\WINDOWS\System32\KERNELBASE.dll
0x00007ffa86330000 - 0x00007ffa863cc000 	C:\WINDOWS\SYSTEM32\apphelp.dll
0x00007ffa8cbe0000 - 0x00007ffa8cd2b000 	C:\WINDOWS\System32\ucrtbase.dll
0x00007ffa86aa0000 - 0x00007ffa86ab8000 	C:\Program Files\Android\Android Studio\jbr\bin\jli.dll
0x00007ffa87a40000 - 0x00007ffa87a5b000 	C:\Program Files\Android\Android Studio\jbr\bin\VCRUNTIME140.dll
0x00007ffa8e210000 - 0x00007ffa8e3d8000 	C:\WINDOWS\System32\USER32.dll
0x00007ffa6cbd0000 - 0x00007ffa6ce60000 	C:\WINDOWS\WinSxS\amd64_microsoft.windows.common-controls_6595b64144ccf1df_6.0.26100.2454_none_3e0b68a2e331ad60\COMCTL32.dll
0x00007ffa8c3d0000 - 0x00007ffa8c3f7000 	C:\WINDOWS\System32\win32u.dll
0x00007ffa8de10000 - 0x00007ffa8deb9000 	C:\WINDOWS\System32\msvcrt.dll
0x00007ffa8ead0000 - 0x00007ffa8eafa000 	C:\WINDOWS\System32\GDI32.dll
0x00007ffa8c4b0000 - 0x00007ffa8c5db000 	C:\WINDOWS\System32\gdi32full.dll
0x00007ffa8c400000 - 0x00007ffa8c4a3000 	C:\WINDOWS\System32\msvcp_win.dll
0x00007ffa8e510000 - 0x00007ffa8e53f000 	C:\WINDOWS\System32\IMM32.DLL
0x00007ffa88020000 - 0x00007ffa8802c000 	C:\Program Files\Android\Android Studio\jbr\bin\vcruntime140_1.dll
0x00007ffa64a30000 - 0x00007ffa64abd000 	C:\Program Files\Android\Android Studio\jbr\bin\msvcp140.dll
0x00007ffa09160000 - 0x00007ffa09de3000 	C:\Program Files\Android\Android Studio\jbr\bin\server\jvm.dll
0x00007ffa8d4a0000 - 0x00007ffa8d554000 	C:\WINDOWS\System32\ADVAPI32.dll
0x00007ffa8ed60000 - 0x00007ffa8ee06000 	C:\WINDOWS\System32\sechost.dll
0x00007ffa8d560000 - 0x00007ffa8d676000 	C:\WINDOWS\System32\RPCRT4.dll
0x00007ffa8ee10000 - 0x00007ffa8ee84000 	C:\WINDOWS\System32\WS2_32.dll
0x00007ffa8ba70000 - 0x00007ffa8babe000 	C:\WINDOWS\SYSTEM32\POWRPROF.dll
0x00007ffa84050000 - 0x00007ffa8405b000 	C:\WINDOWS\SYSTEM32\VERSION.dll
0x00007ffa803b0000 - 0x00007ffa803e6000 	C:\WINDOWS\SYSTEM32\WINMM.dll
0x00007ffa8ba50000 - 0x00007ffa8ba64000 	C:\WINDOWS\SYSTEM32\UMPDC.dll
0x00007ffa8b0a0000 - 0x00007ffa8b0ba000 	C:\WINDOWS\SYSTEM32\kernel.appcore.dll
0x00007ffa87a20000 - 0x00007ffa87a2a000 	C:\Program Files\Android\Android Studio\jbr\bin\jimage.dll
0x00007ffa7f830000 - 0x00007ffa7fa71000 	C:\WINDOWS\SYSTEM32\DBGHELP.DLL
0x00007ffa8d680000 - 0x00007ffa8d9fe000 	C:\WINDOWS\System32\combase.dll
0x00007ffa8dd30000 - 0x00007ffa8de06000 	C:\WINDOWS\System32\OLEAUT32.dll
0x00007ffa796e0000 - 0x00007ffa79719000 	C:\WINDOWS\SYSTEM32\dbgcore.DLL
0x00007ffa8c330000 - 0x00007ffa8c3c9000 	C:\WINDOWS\System32\bcryptPrimitives.dll
0x00007ffa87990000 - 0x00007ffa879b0000 	C:\Program Files\Android\Android Studio\jbr\bin\java.dll

dbghelp: loaded successfully - version: 4.0.5 - missing functions: none
symbol engine: initialized successfully - sym options: 0x614 - pdb path: .;C:\Program Files\Android\Android Studio\jbr\bin;C:\WINDOWS\SYSTEM32;C:\WINDOWS\WinSxS\amd64_microsoft.windows.common-controls_6595b64144ccf1df_6.0.26100.2454_none_3e0b68a2e331ad60;C:\Program Files\Android\Android Studio\jbr\bin\server

VM Arguments:
java_command: org.jetbrains.kotlin.cli.jvm.K2JVMCompiler @E:\projectsAppAndroid\work\KumirSettingsDevices\app\build\20250113_8381405671450605050.compiler.options
java_class_path (initial): C:\Users\pavel\.gradle\caches\modules-2\files-2.1\org.jetbrains.kotlin\kotlin-compiler-embeddable\1.9.0\2c8c3a7402becca891f12739b3e9fd2dc2adbd7a\kotlin-compiler-embeddable-1.9.0.jar;C:\Users\pavel\.gradle\caches\modules-2\files-2.1\org.jetbrains.kotlin\kotlin-stdlib\1.9.0\8ee15ef0c67dc83d874f412d84378d7f0eb50b63\kotlin-stdlib-1.9.0.jar;C:\Users\pavel\.gradle\caches\modules-2\files-2.1\org.jetbrains.kotlin\kotlin-script-runtime\1.9.0\4b3102cbbb7e1b58d9d1adf89563f00069ffa7d1\kotlin-script-runtime-1.9.0.jar;C:\Users\pavel\.gradle\caches\modules-2\files-2.1\org.jetbrains.kotlin\kotlin-reflect\1.6.10\1cbe9c92c12a94eea200d23c2bbaedaf3daf5132\kotlin-reflect-1.6.10.jar;C:\Users\pavel\.gradle\caches\modules-2\files-2.1\org.jetbrains.kotlin\kotlin-daemon-embeddable\1.9.0\186543f5e28cf8d9a0290fecc2cf34301c40a65c\kotlin-daemon-embeddable-1.9.0.jar;C:\Users\pavel\.gradle\caches\modules-2\files-2.1\org.jetbrains.intellij.deps\trove4j\1.0.20200330\3afb14d5f9ceb459d724e907a21145e8ff394f02\trove4j-1.0.20200330.jar;C:\Users\pavel\.gradle\caches\modules-2\files-2.1\org.jetbrains.kotlin\kotlin-stdlib-common\1.9.0\cd65c21cfd1eec4d44ef09f9f52b6d9f8a720636\kotlin-stdlib-common-1.9.0.jar;C:\Users\pavel\.gradle\caches\modules-2\files-2.1\org.jetbrains\annotations\13.0\919f0dfe192fb4e063e7dacadee7f8bb9a2672a9\annotations-13.0.jar
Launcher Type: SUN_STANDARD

[Global flags]
     intx CICompilerCount                          = 4                                         {product} {ergonomic}
     uint ConcGCThreads                            = 3                                         {product} {ergonomic}
     uint G1ConcRefinementThreads                  = 10                                        {product} {ergonomic}
   size_t G1HeapRegionSize                         = 4194304                                   {product} {ergonomic}
    uintx GCDrainStackTargetSize                   = 64                                        {product} {ergonomic}
   size_t InitialHeapSize                          = 402653184                                 {product} {ergonomic}
   size_t MarkStackSize                            = 4194304                                   {product} {ergonomic}
   size_t MaxHeapSize                              = 6417285120                                {product} {ergonomic}
   size_t MinHeapDeltaBytes                        = 4194304                                   {product} {ergonomic}
   size_t MinHeapSize                              = 8388608                                   {product} {ergonomic}
    uintx NonNMethodCodeHeapSize                   = 5839372                                {pd product} {ergonomic}
    uintx NonProfiledCodeHeapSize                  = 122909434                              {pd product} {ergonomic}
    uintx ProfiledCodeHeapSize                     = 122909434                              {pd product} {ergonomic}
    uintx ReservedCodeCacheSize                    = 251658240                              {pd product} {ergonomic}
     bool SegmentedCodeCache                       = true                                      {product} {ergonomic}
   size_t SoftMaxHeapSize                          = 6417285120                             {manageable} {ergonomic}
     bool UseCompressedOops                        = true                           {product lp64_product} {ergonomic}
     bool UseG1GC                                  = true                                      {product} {ergonomic}
     bool UseLargePagesIndividualAllocation        = false                                  {pd product} {ergonomic}

Logging:
Log output configuration:
 #0: stdout all=warning uptime,level,tags foldmultilines=false
 #1: stderr all=off uptime,level,tags foldmultilines=false

Environment Variables:
PATH=C:\WINDOWS\system32;C:\WINDOWS;C:\WINDOWS\System32\Wbem;C:\WINDOWS\System32\WindowsPowerShell\v1.0\;C:\WINDOWS\System32\OpenSSH\;C:\Program Files\NVIDIA Corporation\NVIDIA app\NvDLISR;C:\Program Files\WireGuard\;C:\Program Files (x86)\NVIDIA Corporation\PhysX\Common;C:\Program Files\Git\cmd;C:\Users\pavel\AppData\Local\Microsoft\WindowsApps;C:\Users\pavel\AppData\Local\Programs\Microsoft VS Code\bin;C:\Users\pavel\AppData\Local\Microsoft\WinGet\Links;
USERNAME=pavel
OS=Windows_NT
PROCESSOR_IDENTIFIER=Intel64 Family 6 Model 158 Stepping 10, GenuineIntel
TMP=C:\Users\pavel\AppData\Local\Temp
TEMP=C:\Users\pavel\AppData\Local\Temp




Periodic native trim disabled

JNI global refs:
JNI global refs: 0, weak refs: 0

JNI global refs memory usage: 0, weak refs: 0

Process memory usage:
Resident Set Size: 14304K (0% of 25054408K total physical memory with 5272268K free physical memory)

OOME stack traces (most recent first):
Classloader memory used:

---------------  S Y S T E M  ---------------

OS:
 Windows 11 , 64 bit Build 26100 (10.0.26100.2454)
OS uptime: 21 days 22:14 hours
Hyper-V role detected

CPU: total 12 (initial active 12) (6 cores per cpu, 2 threads per core) family 6 model 158 stepping 10 microcode 0xde, cx8, cmov, fxsr, ht, mmx, 3dnowpref, sse, sse2, sse3, ssse3, sse4.1, sse4.2, popcnt, lzcnt, tsc, tscinvbit, avx, avx2, aes, erms, clmul, bmi1, bmi2, adx, fma, vzeroupper, clflush, clflushopt, hv, rdtscp, f16c
Processor Information for all 12 processors :
  Max Mhz: 2201, Current Mhz: 2200, Mhz Limit: 2178

Memory: 4k page, system-wide physical 24467M (5148M free)
TotalPageFile size 24467M (AvailPageFile size 191M)
current process WorkingSet (physical memory assigned to process): 13M, peak: 13M
current process commit charge ("private bytes"): 64M, peak: 448M

vm_info: OpenJDK 64-Bit Server VM (21.0.4+-12508038-b607.1) for windows-amd64 JRE (21.0.4+-12508038-b607.1), built on 2024-10-16T17:23:34Z by "builder" with MS VC++ 16.10 / 16.11 (VS2019)

END.
